[debug] [2021-08-26T15:40:37.810Z] ----------------------------------------------------------------------
[debug] [2021-08-26T15:40:37.812Z] Command:       /usr/local/bin/node /usr/local/bin/firebase deploy
[debug] [2021-08-26T15:40:37.812Z] CLI Version:   9.16.0
[debug] [2021-08-26T15:40:37.812Z] Platform:      darwin
[debug] [2021-08-26T15:40:37.812Z] Node Version:  v14.16.1
[debug] [2021-08-26T15:40:37.815Z] Time:          Fri Aug 27 2021 00:40:37 GMT+0900 (Korean Standard Time)
[debug] [2021-08-26T15:40:37.815Z] ----------------------------------------------------------------------
[debug] 
[debug] [2021-08-26T15:40:37.819Z] >>> [apiv2][query] GET https://firebase-public.firebaseio.com/cli.json [none]
[debug] [2021-08-26T15:40:37.882Z] > command requires scopes: ["email","openid","https://www.googleapis.com/auth/cloudplatformprojects.readonly","https://www.googleapis.com/auth/firebase","https://www.googleapis.com/auth/cloud-platform"]
[debug] [2021-08-26T15:40:37.882Z] > authorizing via signed-in user (jongwooha98@gmail.com)
[debug] [2021-08-26T15:40:37.882Z] [iam] checking project stock-app-71e53 for permissions ["firebase.projects.get","firebasehosting.sites.update"]
[debug] [2021-08-26T15:40:37.883Z] > refreshing access token with scopes: ["email","https://www.googleapis.com/auth/cloud-platform","https://www.googleapis.com/auth/cloudplatformprojects.readonly","https://www.googleapis.com/auth/firebase","openid"]
[debug] [2021-08-26T15:40:37.884Z] >>> HTTP REQUEST POST https://www.googleapis.com/oauth2/v3/token  
 <request body omitted>
[debug] [2021-08-26T15:40:38.117Z] <<< HTTP RESPONSE 200 {"expires":"Mon, 01 Jan 1990 00:00:00 GMT","pragma":"no-cache","date":"Thu, 26 Aug 2021 15:40:38 GMT","cache-control":"no-cache, no-store, max-age=0, must-revalidate","content-type":"application/json; charset=utf-8","vary":"X-Origin, Referer, Origin,Accept-Encoding","server":"scaffolding on HTTPServer2","x-xss-protection":"0","x-frame-options":"SAMEORIGIN","x-content-type-options":"nosniff","alt-svc":"h3=\":443\"; ma=2592000,h3-29=\":443\"; ma=2592000,h3-T051=\":443\"; ma=2592000,h3-Q050=\":443\"; ma=2592000,h3-Q046=\":443\"; ma=2592000,h3-Q043=\":443\"; ma=2592000,quic=\":443\"; ma=2592000; v=\"46,43\"","accept-ranges":"none","transfer-encoding":"chunked"}
[debug] [2021-08-26T15:40:38.170Z] >>> HTTP REQUEST POST https://cloudresourcemanager.googleapis.com/v1/projects/stock-app-71e53:testIamPermissions  
 {"permissions":["firebase.projects.get","firebasehosting.sites.update"]}
[debug] [2021-08-26T15:40:38.397Z] <<< [apiv2][status] GET https://firebase-public.firebaseio.com/cli.json 200
[debug] [2021-08-26T15:40:38.397Z] <<< [apiv2][body] GET https://firebase-public.firebaseio.com/cli.json {"cloudBuildErrorAfter":1594252800000,"cloudBuildWarnAfter":1590019200000,"defaultNode10After":1594252800000,"minVersion":"3.0.5","node8DeploysDisabledAfter":1613390400000,"node8RuntimeDisabledAfter":1615809600000,"node8WarnAfter":1600128000000}
[debug] [2021-08-26T15:40:38.979Z] <<< HTTP RESPONSE 200 {"content-type":"application/json; charset=UTF-8","vary":"X-Origin, Referer, Origin,Accept-Encoding","date":"Thu, 26 Aug 2021 15:40:38 GMT","server":"ESF","cache-control":"private","x-xss-protection":"0","x-frame-options":"SAMEORIGIN","x-content-type-options":"nosniff","server-timing":"gfet4t7; dur=579","alt-svc":"h3=\":443\"; ma=2592000,h3-29=\":443\"; ma=2592000,h3-T051=\":443\"; ma=2592000,h3-Q050=\":443\"; ma=2592000,h3-Q046=\":443\"; ma=2592000,h3-Q043=\":443\"; ma=2592000,quic=\":443\"; ma=2592000; v=\"46,43\"","accept-ranges":"none","transfer-encoding":"chunked"}
[debug] [2021-08-26T15:40:38.981Z] > refreshing access token with scopes: []
[debug] [2021-08-26T15:40:38.981Z] >>> HTTP REQUEST POST https://www.googleapis.com/oauth2/v3/token  
 <request body omitted>
[debug] [2021-08-26T15:40:39.351Z] <<< HTTP RESPONSE 200 {"expires":"Mon, 01 Jan 1990 00:00:00 GMT","date":"Thu, 26 Aug 2021 15:40:39 GMT","pragma":"no-cache","cache-control":"no-cache, no-store, max-age=0, must-revalidate","content-type":"application/json; charset=utf-8","vary":"X-Origin, Referer, Origin,Accept-Encoding","server":"scaffolding on HTTPServer2","x-xss-protection":"0","x-frame-options":"SAMEORIGIN","x-content-type-options":"nosniff","alt-svc":"h3=\":443\"; ma=2592000,h3-29=\":443\"; ma=2592000,h3-T051=\":443\"; ma=2592000,h3-Q050=\":443\"; ma=2592000,h3-Q046=\":443\"; ma=2592000,h3-Q043=\":443\"; ma=2592000,quic=\":443\"; ma=2592000; v=\"46,43\"","accept-ranges":"none","transfer-encoding":"chunked"}
[debug] [2021-08-26T15:40:39.398Z] >>> [apiv2][query] GET https://firebase.googleapis.com/v1beta1/projects/stock-app-71e53 [none]
[debug] [2021-08-26T15:40:40.175Z] <<< [apiv2][status] GET https://firebase.googleapis.com/v1beta1/projects/stock-app-71e53 200
[debug] [2021-08-26T15:40:40.176Z] <<< [apiv2][body] GET https://firebase.googleapis.com/v1beta1/projects/stock-app-71e53 {"projectId":"stock-app-71e53","projectNumber":"670709646286","displayName":"stock-app","name":"projects/stock-app-71e53","resources":{"hostingSite":"stock-app-71e53","storageBucket":"stock-app-71e53.appspot.com","locationId":"asia-northeast3"},"state":"ACTIVE"}
[info] 
[info] === Deploying to 'stock-app-71e53'...
[info] 
[info] i  deploying hosting 
[debug] [2021-08-26T15:40:40.182Z] > refreshing access token with scopes: ["email","https://www.googleapis.com/auth/cloud-platform","https://www.googleapis.com/auth/cloudplatformprojects.readonly","https://www.googleapis.com/auth/firebase","openid"]
[debug] [2021-08-26T15:40:40.183Z] >>> HTTP REQUEST POST https://www.googleapis.com/oauth2/v3/token  
 <request body omitted>
[debug] [2021-08-26T15:40:40.466Z] <<< HTTP RESPONSE 200 {"expires":"Mon, 01 Jan 1990 00:00:00 GMT","date":"Thu, 26 Aug 2021 15:40:40 GMT","cache-control":"no-cache, no-store, max-age=0, must-revalidate","pragma":"no-cache","content-type":"application/json; charset=utf-8","vary":"X-Origin, Referer, Origin,Accept-Encoding","server":"scaffolding on HTTPServer2","x-xss-protection":"0","x-frame-options":"SAMEORIGIN","x-content-type-options":"nosniff","alt-svc":"h3=\":443\"; ma=2592000,h3-29=\":443\"; ma=2592000,h3-T051=\":443\"; ma=2592000,h3-Q050=\":443\"; ma=2592000,h3-Q046=\":443\"; ma=2592000,h3-Q043=\":443\"; ma=2592000,quic=\":443\"; ma=2592000; v=\"46,43\"","accept-ranges":"none","transfer-encoding":"chunked"}
[debug] [2021-08-26T15:40:40.516Z] >>> HTTP REQUEST POST https://firebasehosting.googleapis.com/v1beta1/sites/stock-app-71e53/versions  
 {"config":{"rewrites":[{"glob":"**","path":"/index.html"}]},"labels":{"deployment-tool":"cli-firebase"}}
[debug] [2021-08-26T15:40:41.845Z] <<< HTTP RESPONSE 200 {"content-type":"application/json; charset=UTF-8","vary":"X-Origin, Referer, Origin,Accept-Encoding","date":"Thu, 26 Aug 2021 15:40:41 GMT","server":"ESF","cache-control":"private","x-xss-protection":"0","x-frame-options":"SAMEORIGIN","x-content-type-options":"nosniff","alt-svc":"h3=\":443\"; ma=2592000,h3-29=\":443\"; ma=2592000,h3-T051=\":443\"; ma=2592000,h3-Q050=\":443\"; ma=2592000,h3-Q046=\":443\"; ma=2592000,h3-Q043=\":443\"; ma=2592000,quic=\":443\"; ma=2592000; v=\"46,43\"","accept-ranges":"none","transfer-encoding":"chunked"}
[info] i  hosting[stock-app-71e53]: beginning deploy... 
[info] i  hosting[stock-app-71e53]: found 23 files in build 
[debug] [2021-08-26T15:40:42.609Z] > refreshing access token with scopes: []
[debug] [2021-08-26T15:40:42.610Z] >>> HTTP REQUEST POST https://www.googleapis.com/oauth2/v3/token  
 <request body omitted>
[debug] [2021-08-26T15:40:42.611Z] [hosting] hash cache [YnVpbGQ] stored for 23 files
[debug] [2021-08-26T15:40:42.611Z] [hosting][hash queue][FINAL] {"max":728,"min":14,"avg":72.91304347826087,"active":0,"complete":23,"success":23,"errored":0,"retried":0,"total":23,"elapsed":736}
[debug] [2021-08-26T15:40:42.887Z] <<< HTTP RESPONSE 200 {"expires":"Mon, 01 Jan 1990 00:00:00 GMT","pragma":"no-cache","cache-control":"no-cache, no-store, max-age=0, must-revalidate","date":"Thu, 26 Aug 2021 15:40:42 GMT","content-type":"application/json; charset=utf-8","vary":"X-Origin, Referer, Origin,Accept-Encoding","server":"scaffolding on HTTPServer2","x-xss-protection":"0","x-frame-options":"SAMEORIGIN","x-content-type-options":"nosniff","alt-svc":"h3=\":443\"; ma=2592000,h3-29=\":443\"; ma=2592000,h3-T051=\":443\"; ma=2592000,h3-Q050=\":443\"; ma=2592000,h3-Q046=\":443\"; ma=2592000,h3-Q043=\":443\"; ma=2592000,quic=\":443\"; ma=2592000; v=\"46,43\"","accept-ranges":"none","transfer-encoding":"chunked"}
[debug] [2021-08-26T15:40:42.938Z] >>> [apiv2][query] POST https://firebasehosting.googleapis.com/v1beta1/sites/stock-app-71e53/versions/51e4b67d17f47a51:populateFiles [none]
[debug] [2021-08-26T15:40:42.939Z] >>> [apiv2][body] POST https://firebasehosting.googleapis.com/v1beta1/sites/stock-app-71e53/versions/51e4b67d17f47a51:populateFiles {"files":{"/android-chrome-192x192.png":"0ee4e0126b53a60f72c0f4db976b990dd88a373114f2696e0d8a17e4b78c7390","/asset-manifest.json":"a908ea867c242174b6c276301f715628c392fbab17e876c7e5c0aa069422d2be","/favicon-16x16.png":"e05b80ddafbc0dbbca55b21930cc5f0d403cdc90072bace1d299d2e006fafba1","/apple-touch-icon.png":"ffde6dc7e82e41ebc4877e524a45bd7238c126e363722676f48a1891f74c74f7","/favicon-32x32.png":"5bb54dc3ff1cb9a28336e39916076dc6fb1a68578abef7aa458ee7d6e8960cf9","/robots.txt":"391d14b3c2f8c9143a27a28c7399585142228d4d1bdbe2c87ac946de411fa9a2","/site.webmanifest":"26c25352ff5d37a0c61a17ba97bd25f6e1d84b02ff8320370f65984de2dd6cfa","/index.html":"beecbd5680379efdbd04279f333e3a938fb920472f5c8684a9b2966405d9a9be","/static/css/main.a8d5fbd2.chunk.css":"8e8c204f000e9730ae343f05ce3def048dd56abdb817062b3d91bbeb66991bb1","/static/js/2.e7801d71.chunk.js.LICENSE.txt":"7b884dad2ee65f1c71c5bd909a84a77fe3b460f163cf752b296c4df53504348c","/static/js/3.1527fd7b.chunk.js":"509cfd9cc91ea43c49e7af43c4351356a616e06d3673b19f1b171ca9c377e56e","/static/css/main.a8d5fbd2.chunk.css.map":"1eb6ad8f5af130abee0ff5286ebceda8500962aa1574451c79cab4fc35f20226","/static/js/3.1527fd7b.chunk.js.map":"50c799379c2f446db102813a9abf952ddc5d5f219dfff2286c2550f54401162c","/favicon.ico":"99d104d67d06fbb82489a847a4d2007e889b374251a5e28534ef4d5e2b8c68ad","/static/js/main.cefef797.chunk.js":"0bc07afc01f856a6252323c2c3543cdb0490ab4fac89e53e321c3a088cef3a42","/static/js/runtime-main.5e9540dd.js":"471573912fec33943fed99bed320d7a8b3cf49f3b7fa11a49dc5728e47b620b9","/static/js/runtime-main.5e9540dd.js.map":"03e5d04e27dd4660d5449cabdc9d2cd6bac4747297597695df8298338458b46c","/static/media/toss-logo.1293bb71.svg":"e57aa5b32a21d2626f6ba554f11eb72194955fb3e1a80a0dd6dbab691b77b67f","/static/js/main.cefef797.chunk.js.map":"bd1e52bdc9b9883e744c79f8cc7e9a0d2fa67f8b8badf685f919c9b4066e8785","/android-chrome-512x512.png":"49898af6b5abffa05bad2a81b8db24fa0873764911f97bd8db720212297af2ad","/static/js/2.e7801d71.chunk.js":"746a3258b3538891a76b08fa40b6e427683ab0d0f7fc37f901fbbbac9bc4f31e","/static/js/2.e7801d71.chunk.js.map":"27a54a63bc653dc5d087f78c6c5a3f6e1372259f60cce9fccc5afc1e6616de41","/static/media/stock-portfolio-app-demo.849a8260.mp4":"241a7de4b7704ff53cfc9758b9868de2111ed80ac10f8f2ffcf014150b221619"}}
[debug] [2021-08-26T15:40:44.375Z] <<< [apiv2][status] POST https://firebasehosting.googleapis.com/v1beta1/sites/stock-app-71e53/versions/51e4b67d17f47a51:populateFiles 200
[debug] [2021-08-26T15:40:44.376Z] <<< [apiv2][body] POST https://firebasehosting.googleapis.com/v1beta1/sites/stock-app-71e53/versions/51e4b67d17f47a51:populateFiles {"uploadRequiredHashes":["a908ea867c242174b6c276301f715628c392fbab17e876c7e5c0aa069422d2be","0bc07afc01f856a6252323c2c3543cdb0490ab4fac89e53e321c3a088cef3a42","746a3258b3538891a76b08fa40b6e427683ab0d0f7fc37f901fbbbac9bc4f31e","03e5d04e27dd4660d5449cabdc9d2cd6bac4747297597695df8298338458b46c","bd1e52bdc9b9883e744c79f8cc7e9a0d2fa67f8b8badf685f919c9b4066e8785","509cfd9cc91ea43c49e7af43c4351356a616e06d3673b19f1b171ca9c377e56e","27a54a63bc653dc5d087f78c6c5a3f6e1372259f60cce9fccc5afc1e6616de41","241a7de4b7704ff53cfc9758b9868de2111ed80ac10f8f2ffcf014150b221619","471573912fec33943fed99bed320d7a8b3cf49f3b7fa11a49dc5728e47b620b9","beecbd5680379efdbd04279f333e3a938fb920472f5c8684a9b2966405d9a9be","8e8c204f000e9730ae343f05ce3def048dd56abdb817062b3d91bbeb66991bb1","1eb6ad8f5af130abee0ff5286ebceda8500962aa1574451c79cab4fc35f20226","50c799379c2f446db102813a9abf952ddc5d5f219dfff2286c2550f54401162c"],"uploadUrl":"https://upload-firebasehosting.googleapis.com/upload/sites/stock-app-71e53/versions/51e4b67d17f47a51/files"}
[debug] [2021-08-26T15:40:44.384Z] >>> [apiv2][query] POST https://upload-firebasehosting.googleapis.com/upload/sites/stock-app-71e53/versions/51e4b67d17f47a51/files/a908ea867c242174b6c276301f715628c392fbab17e876c7e5c0aa069422d2be [none]
[debug] [2021-08-26T15:40:44.384Z] >>> [apiv2][body] POST https://upload-firebasehosting.googleapis.com/upload/sites/stock-app-71e53/versions/51e4b67d17f47a51/files/a908ea867c242174b6c276301f715628c392fbab17e876c7e5c0aa069422d2be [stream]
[debug] [2021-08-26T15:40:44.392Z] >>> [apiv2][query] POST https://upload-firebasehosting.googleapis.com/upload/sites/stock-app-71e53/versions/51e4b67d17f47a51/files/0bc07afc01f856a6252323c2c3543cdb0490ab4fac89e53e321c3a088cef3a42 [none]
[debug] [2021-08-26T15:40:44.393Z] >>> [apiv2][body] POST https://upload-firebasehosting.googleapis.com/upload/sites/stock-app-71e53/versions/51e4b67d17f47a51/files/0bc07afc01f856a6252323c2c3543cdb0490ab4fac89e53e321c3a088cef3a42 [stream]
[debug] [2021-08-26T15:40:44.394Z] >>> [apiv2][query] POST https://upload-firebasehosting.googleapis.com/upload/sites/stock-app-71e53/versions/51e4b67d17f47a51/files/746a3258b3538891a76b08fa40b6e427683ab0d0f7fc37f901fbbbac9bc4f31e [none]
[debug] [2021-08-26T15:40:44.395Z] >>> [apiv2][body] POST https://upload-firebasehosting.googleapis.com/upload/sites/stock-app-71e53/versions/51e4b67d17f47a51/files/746a3258b3538891a76b08fa40b6e427683ab0d0f7fc37f901fbbbac9bc4f31e [stream]
[debug] [2021-08-26T15:40:44.396Z] >>> [apiv2][query] POST https://upload-firebasehosting.googleapis.com/upload/sites/stock-app-71e53/versions/51e4b67d17f47a51/files/03e5d04e27dd4660d5449cabdc9d2cd6bac4747297597695df8298338458b46c [none]
[debug] [2021-08-26T15:40:44.396Z] >>> [apiv2][body] POST https://upload-firebasehosting.googleapis.com/upload/sites/stock-app-71e53/versions/51e4b67d17f47a51/files/03e5d04e27dd4660d5449cabdc9d2cd6bac4747297597695df8298338458b46c [stream]
[debug] [2021-08-26T15:40:44.397Z] >>> [apiv2][query] POST https://upload-firebasehosting.googleapis.com/upload/sites/stock-app-71e53/versions/51e4b67d17f47a51/files/bd1e52bdc9b9883e744c79f8cc7e9a0d2fa67f8b8badf685f919c9b4066e8785 [none]
[debug] [2021-08-26T15:40:44.397Z] >>> [apiv2][body] POST https://upload-firebasehosting.googleapis.com/upload/sites/stock-app-71e53/versions/51e4b67d17f47a51/files/bd1e52bdc9b9883e744c79f8cc7e9a0d2fa67f8b8badf685f919c9b4066e8785 [stream]
[debug] [2021-08-26T15:40:44.398Z] >>> [apiv2][query] POST https://upload-firebasehosting.googleapis.com/upload/sites/stock-app-71e53/versions/51e4b67d17f47a51/files/509cfd9cc91ea43c49e7af43c4351356a616e06d3673b19f1b171ca9c377e56e [none]
[debug] [2021-08-26T15:40:44.398Z] >>> [apiv2][body] POST https://upload-firebasehosting.googleapis.com/upload/sites/stock-app-71e53/versions/51e4b67d17f47a51/files/509cfd9cc91ea43c49e7af43c4351356a616e06d3673b19f1b171ca9c377e56e [stream]
[debug] [2021-08-26T15:40:44.402Z] >>> [apiv2][query] POST https://upload-firebasehosting.googleapis.com/upload/sites/stock-app-71e53/versions/51e4b67d17f47a51/files/27a54a63bc653dc5d087f78c6c5a3f6e1372259f60cce9fccc5afc1e6616de41 [none]
[debug] [2021-08-26T15:40:44.402Z] >>> [apiv2][body] POST https://upload-firebasehosting.googleapis.com/upload/sites/stock-app-71e53/versions/51e4b67d17f47a51/files/27a54a63bc653dc5d087f78c6c5a3f6e1372259f60cce9fccc5afc1e6616de41 [stream]
[debug] [2021-08-26T15:40:44.403Z] >>> [apiv2][query] POST https://upload-firebasehosting.googleapis.com/upload/sites/stock-app-71e53/versions/51e4b67d17f47a51/files/241a7de4b7704ff53cfc9758b9868de2111ed80ac10f8f2ffcf014150b221619 [none]
[debug] [2021-08-26T15:40:44.403Z] >>> [apiv2][body] POST https://upload-firebasehosting.googleapis.com/upload/sites/stock-app-71e53/versions/51e4b67d17f47a51/files/241a7de4b7704ff53cfc9758b9868de2111ed80ac10f8f2ffcf014150b221619 [stream]
[debug] [2021-08-26T15:40:44.404Z] >>> [apiv2][query] POST https://upload-firebasehosting.googleapis.com/upload/sites/stock-app-71e53/versions/51e4b67d17f47a51/files/471573912fec33943fed99bed320d7a8b3cf49f3b7fa11a49dc5728e47b620b9 [none]
[debug] [2021-08-26T15:40:44.404Z] >>> [apiv2][body] POST https://upload-firebasehosting.googleapis.com/upload/sites/stock-app-71e53/versions/51e4b67d17f47a51/files/471573912fec33943fed99bed320d7a8b3cf49f3b7fa11a49dc5728e47b620b9 [stream]
[debug] [2021-08-26T15:40:44.404Z] >>> [apiv2][query] POST https://upload-firebasehosting.googleapis.com/upload/sites/stock-app-71e53/versions/51e4b67d17f47a51/files/beecbd5680379efdbd04279f333e3a938fb920472f5c8684a9b2966405d9a9be [none]
[debug] [2021-08-26T15:40:44.404Z] >>> [apiv2][body] POST https://upload-firebasehosting.googleapis.com/upload/sites/stock-app-71e53/versions/51e4b67d17f47a51/files/beecbd5680379efdbd04279f333e3a938fb920472f5c8684a9b2966405d9a9be [stream]
[debug] [2021-08-26T15:40:44.405Z] >>> [apiv2][query] POST https://upload-firebasehosting.googleapis.com/upload/sites/stock-app-71e53/versions/51e4b67d17f47a51/files/8e8c204f000e9730ae343f05ce3def048dd56abdb817062b3d91bbeb66991bb1 [none]
[debug] [2021-08-26T15:40:44.405Z] >>> [apiv2][body] POST https://upload-firebasehosting.googleapis.com/upload/sites/stock-app-71e53/versions/51e4b67d17f47a51/files/8e8c204f000e9730ae343f05ce3def048dd56abdb817062b3d91bbeb66991bb1 [stream]
[debug] [2021-08-26T15:40:44.406Z] >>> [apiv2][query] POST https://upload-firebasehosting.googleapis.com/upload/sites/stock-app-71e53/versions/51e4b67d17f47a51/files/1eb6ad8f5af130abee0ff5286ebceda8500962aa1574451c79cab4fc35f20226 [none]
[debug] [2021-08-26T15:40:44.406Z] >>> [apiv2][body] POST https://upload-firebasehosting.googleapis.com/upload/sites/stock-app-71e53/versions/51e4b67d17f47a51/files/1eb6ad8f5af130abee0ff5286ebceda8500962aa1574451c79cab4fc35f20226 [stream]
[debug] [2021-08-26T15:40:44.406Z] >>> [apiv2][query] POST https://upload-firebasehosting.googleapis.com/upload/sites/stock-app-71e53/versions/51e4b67d17f47a51/files/50c799379c2f446db102813a9abf952ddc5d5f219dfff2286c2550f54401162c [none]
[debug] [2021-08-26T15:40:44.407Z] >>> [apiv2][body] POST https://upload-firebasehosting.googleapis.com/upload/sites/stock-app-71e53/versions/51e4b67d17f47a51/files/50c799379c2f446db102813a9abf952ddc5d5f219dfff2286c2550f54401162c [stream]
[debug] [2021-08-26T15:40:44.407Z] [hosting][populate queue][FINAL] {"max":1775,"min":1775,"avg":1775,"active":0,"complete":1,"success":1,"errored":0,"retried":0,"total":1,"elapsed":1798}
[debug] [2021-08-26T15:40:44.409Z] [hosting] uploads queued: 13
[debug] [2021-08-26T15:40:45.933Z] <<< [apiv2][status] POST https://upload-firebasehosting.googleapis.com/upload/sites/stock-app-71e53/versions/51e4b67d17f47a51/files/8e8c204f000e9730ae343f05ce3def048dd56abdb817062b3d91bbeb66991bb1 200
[debug] [2021-08-26T15:40:45.933Z] <<< [apiv2][body] POST https://upload-firebasehosting.googleapis.com/upload/sites/stock-app-71e53/versions/51e4b67d17f47a51/files/8e8c204f000e9730ae343f05ce3def048dd56abdb817062b3d91bbeb66991bb1 [stream]
[debug] [2021-08-26T15:40:45.939Z] <<< [apiv2][status] POST https://upload-firebasehosting.googleapis.com/upload/sites/stock-app-71e53/versions/51e4b67d17f47a51/files/509cfd9cc91ea43c49e7af43c4351356a616e06d3673b19f1b171ca9c377e56e 200
[debug] [2021-08-26T15:40:45.940Z] <<< [apiv2][body] POST https://upload-firebasehosting.googleapis.com/upload/sites/stock-app-71e53/versions/51e4b67d17f47a51/files/509cfd9cc91ea43c49e7af43c4351356a616e06d3673b19f1b171ca9c377e56e [stream]
[debug] [2021-08-26T15:40:45.952Z] <<< [apiv2][status] POST https://upload-firebasehosting.googleapis.com/upload/sites/stock-app-71e53/versions/51e4b67d17f47a51/files/1eb6ad8f5af130abee0ff5286ebceda8500962aa1574451c79cab4fc35f20226 200
[debug] [2021-08-26T15:40:45.952Z] <<< [apiv2][body] POST https://upload-firebasehosting.googleapis.com/upload/sites/stock-app-71e53/versions/51e4b67d17f47a51/files/1eb6ad8f5af130abee0ff5286ebceda8500962aa1574451c79cab4fc35f20226 [stream]
[debug] [2021-08-26T15:40:45.952Z] <<< [apiv2][status] POST https://upload-firebasehosting.googleapis.com/upload/sites/stock-app-71e53/versions/51e4b67d17f47a51/files/50c799379c2f446db102813a9abf952ddc5d5f219dfff2286c2550f54401162c 200
[debug] [2021-08-26T15:40:45.952Z] <<< [apiv2][body] POST https://upload-firebasehosting.googleapis.com/upload/sites/stock-app-71e53/versions/51e4b67d17f47a51/files/50c799379c2f446db102813a9abf952ddc5d5f219dfff2286c2550f54401162c [stream]
[debug] [2021-08-26T15:40:45.959Z] <<< [apiv2][status] POST https://upload-firebasehosting.googleapis.com/upload/sites/stock-app-71e53/versions/51e4b67d17f47a51/files/03e5d04e27dd4660d5449cabdc9d2cd6bac4747297597695df8298338458b46c 200
[debug] [2021-08-26T15:40:45.959Z] <<< [apiv2][body] POST https://upload-firebasehosting.googleapis.com/upload/sites/stock-app-71e53/versions/51e4b67d17f47a51/files/03e5d04e27dd4660d5449cabdc9d2cd6bac4747297597695df8298338458b46c [stream]
[debug] [2021-08-26T15:40:45.997Z] <<< [apiv2][status] POST https://upload-firebasehosting.googleapis.com/upload/sites/stock-app-71e53/versions/51e4b67d17f47a51/files/0bc07afc01f856a6252323c2c3543cdb0490ab4fac89e53e321c3a088cef3a42 200
[debug] [2021-08-26T15:40:45.997Z] <<< [apiv2][body] POST https://upload-firebasehosting.googleapis.com/upload/sites/stock-app-71e53/versions/51e4b67d17f47a51/files/0bc07afc01f856a6252323c2c3543cdb0490ab4fac89e53e321c3a088cef3a42 [stream]
[debug] [2021-08-26T15:40:46.035Z] <<< [apiv2][status] POST https://upload-firebasehosting.googleapis.com/upload/sites/stock-app-71e53/versions/51e4b67d17f47a51/files/bd1e52bdc9b9883e744c79f8cc7e9a0d2fa67f8b8badf685f919c9b4066e8785 200
[debug] [2021-08-26T15:40:46.036Z] <<< [apiv2][body] POST https://upload-firebasehosting.googleapis.com/upload/sites/stock-app-71e53/versions/51e4b67d17f47a51/files/bd1e52bdc9b9883e744c79f8cc7e9a0d2fa67f8b8badf685f919c9b4066e8785 [stream]
